#
# A fatal error has been detected by the Java Runtime Environment:
#
#  SIGSEGV (0xb) at pc=0x00007f7b4ffb6e41, pid=1808, tid=0x00007f7b4d882700
#
# JRE version: OpenJDK Runtime Environment (8.0_151-b12) (build 1.8.0_151-8u151-b12-0ubuntu0.16.04.2-b12)
# Java VM: OpenJDK 64-Bit Server VM (25.151-b12 mixed mode linux-amd64 compressed oops)
# Problematic frame:
# V  [libjvm.so+0x61fe41]
#
# Failed to write core dump. Core dumps have been disabled. To enable core dumping, try "ulimit -c unlimited" before starting Java again
#
# If you would like to submit a bug report, please visit:
#   http://bugreport.java.com/bugreport/crash.jsp
#

---------------  T H R E A D  ---------------

Current thread (0x00007f7b48021000):  GCTaskThread [stack: 0x00007f7b4d782000,0x00007f7b4d883000] [id=1811]

siginfo: si_signo: 11 (SIGSEGV), si_code: 128 (SI_KERNEL), si_addr: 0x0000000000000000

Registers:
RAX=0x0000000000000010, RBX=0x00007f7b480bbb90, RCX=0x0000000000000004, RDX=0x00007f7b32200000
RSP=0x00007f7b4d881bc0, RBP=0x00007f7b4d881c20, RSI=0x007fffffff9e0000, RDI=0x000000010004dd68
R8 =0x00007f7b508b82c0, R9 =0x0000000000000020, R10=0x0000000000000010, R11=0x00007f7b48021d58
R12=0x00000000c440a184, R13=0x000000010004dd58, R14=0x00000000c440a180, R15=0x0000000000000020
RIP=0x00007f7b4ffb6e41, EFLAGS=0x0000000000010202, CSGSFS=0x0000000000000033, ERR=0x0000000000000000
  TRAPNO=0x000000000000000d

Top of Stack: (sp=0x00007f7b4d881bc0)
0x00007f7b4d881bc0:   00007f7b480bbb90 00007f7b480bbbd0
0x00007f7b4d881bd0:   00000000c440a170 000000010004dd68
0x00007f7b4d881be0:   00007f7b508b82c0 00007f7b508909f0
0x00007f7b4d881bf0:   00007f7b102fefd0 00007f7b508b45cc
0x00007f7b4d881c00:   00007f7b4804e390 0000000000000001
0x00007f7b4d881c10:   00007f7b480bbb90 00007f7b480bbb90
0x00007f7b4d881c20:   00007f7b4d881d20 00007f7b502aa977
0x00007f7b4d881c30:   00007f7b4d881c80 00007f7b4ffc8249
0x00007f7b4d881c40:   00007f7b480bbc20 00007f7b39f1b510
0x00007f7b4d881c50:   00007f7b39f1cbfc 00007f7b480bbba0
0x00007f7b4d881c60:   00007f7b48022528 0000000000000000
0x00007f7b4d881c70:   00007f7b508e054f 00000000f304fa30
0x00007f7b4d881c80:   00007f7b4d881d10 00000000c440a170
0x00007f7b4d881c90:   00007f7b4d881d10 00007f7b502bc265
0x00007f7b4d881ca0:   00007f7b507f88c8 0000000000000c00
0x00007f7b4d881cb0:   0000000000000000 0000000000000000
0x00007f7b4d881cc0:   00000000f3048000 00007f7ac4013800
0x00007f7b4d881cd0:   0000000000000001 00007f7b48022501
0x00007f7b4d881ce0:   00007f7b48022528 d256b7d83eb30600
0x00007f7b4d881cf0:   00007f7b4d881d80 00007f7b48021970
0x00007f7b4d881d00:   00007f7b4804e390 00007f7b480bbb90
0x00007f7b4d881d10:   00007f7b48021980 00007f7b48021930
0x00007f7b4d881d20:   00007f7b4d881e00 00007f7b5028f5bb
0x00007f7b4d881d30:   0000000000000000 00007f7b4d881d50
0x00007f7b4d881d40:   00000000000003d8 00007f7b48021d58
0x00007f7b4d881d50:   00007f7b507f83c0 0000000000000000
0x00007f7b4d881d60:   00007f7b480bbb90 00007f7b48021000
0x00007f7b4d881d70:   00007f7b507f5010 00007f7b5020dc00
0x00007f7b4d881d80:   00007f7b4d881d50 00007f7b4801f000
0x00007f7b4d881d90:   00007f7b507f4f98 00007f7b503a9100
0x00007f7b4d881da0:   00007f7b4d881d50 00007f7b507f4f80
0x00007f7b4d881db0:   00007f7b4801f000 00007f7b4d881d50 

Instructions: (pc=0x00007f7b4ffb6e41)
0x00007f7b4ffb6e21:   49 8b 50 30 48 c1 e8 03 48 d3 e8 48 89 c1 48 89
0x00007f7b4ffb6e31:   c6 b8 01 00 00 00 83 e1 3f 48 c1 ee 06 48 d3 e0
0x00007f7b4ffb6e41:   48 85 04 f2 75 99 48 8d 05 5b 7b 8f 00 80 38 00
0x00007f7b4ffb6e51:   0f 85 d9 00 00 00 49 8b 71 08 4c 89 ff 4c 89 45 

Register to memory mapping:

RAX=0x0000000000000010 is an unknown value
RBX=0x00007f7b480bbb90 is an unknown value
RCX=0x0000000000000004 is an unknown value
RDX=0x00007f7b32200000 is pointing into the stack for thread: 0x00007f7b48189800
RSP=0x00007f7b4d881bc0 is an unknown value
RBP=0x00007f7b4d881c20 is an unknown value
RSI=0x007fffffff9e0000 is an unknown value
RDI=0x000000010004dd68 is pointing into metadata
R8 =0x00007f7b508b82c0: <offset 0xf212c0> in /usr/lib/jvm/java-8-openjdk-amd64/jre/lib/amd64/server/libjvm.so at 0x00007f7b4f997000
R9 =0x0000000000000020 is an unknown value
R10=0x0000000000000010 is an unknown value
R11=0x00007f7b48021d58 is an unknown value
R12=0x00000000c440a184 is pointing into object: 0x00000000c440a170
java.util.logging.LogManager$LoggerWeakRef 
 - klass: 'java/util/logging/LogManager$LoggerWeakRef'
R13=0x000000010004dd58 is pointing into metadata
R14=0x00000000c440a180 is pointing into object: 0x00000000c440a170
java.util.logging.LogManager$LoggerWeakRef 
 - klass: 'java/util/logging/LogManager$LoggerWeakRef'
R15=0x0000000000000020 is an unknown value


Stack: [0x00007f7b4d782000,0x00007f7b4d883000],  sp=0x00007f7b4d881bc0,  free space=1022k
Native frames: (J=compiled Java code, j=interpreted, Vv=VM code, C=native code)
V  [libjvm.so+0x61fe41]
V  [libjvm.so+0x913977]
V  [libjvm.so+0x8f85bb]
V  [libjvm.so+0x5a6d42]
V  [libjvm.so+0x8b4032]


---------------  P R O C E S S  ---------------

Java Threads: ( => current thread )
  0x00007f7ac4013800 JavaThread "pool-47-thread-1" [_thread_blocked, id=6700, stack(0x00007f7aab0e6000,0x00007f7aab1e7000)]
  0x00007f7af8006000 JavaThread "Command-Accumulator-Thread-10" daemon [_thread_blocked, id=6606, stack(0x00007f7ae074e000,0x00007f7ae0787000)]
  0x00007f7acc033000 JavaThread "Command-Accumulator-Thread-9" daemon [_thread_blocked, id=6605, stack(0x00007f7ae0787000,0x00007f7ae07c0000)]
  0x00007f7ac4028000 JavaThread "Command-Accumulator-Thread-11" daemon [_thread_blocked, id=6604, stack(0x00007f7ae07c0000,0x00007f7ae07f9000)]
  0x00007f7ac402a800 JavaThread "Command-Accumulator-Thread-8" daemon [_thread_blocked, id=6603, stack(0x00007f7ae1a19000,0x00007f7ae1a52000)]
  0x00007f7af801c800 JavaThread "Command-Accumulator-Thread-7" daemon [_thread_blocked, id=6602, stack(0x00007f7ae1a52000,0x00007f7ae1a8b000)]
  0x00007f7acc035000 JavaThread "Command-Accumulator-Thread-6" daemon [_thread_blocked, id=6600, stack(0x00007f7ae1a8b000,0x00007f7ae1ac4000)]
  0x00007f7ac4011800 JavaThread "process reaper" daemon [_thread_blocked, id=6597, stack(0x00007f7ae1ac4000,0x00007f7ae1afd000)]
  0x00007f7af8013000 JavaThread "process reaper" daemon [_thread_blocked, id=6594, stack(0x00007f7b3002c000,0x00007f7b30065000)]
  0x00007f7acc01f000 JavaThread "process reaper" daemon [_thread_blocked, id=6590, stack(0x00007f7b30987000,0x00007f7b309c0000)]
  0x00007f7ac4125800 JavaThread "Command-Accumulator-Thread-5" daemon [_thread_blocked, id=6473, stack(0x00007f7b309c0000,0x00007f7b309f9000)]
  0x00007f7ac4081000 JavaThread "Command-Accumulator-Thread-4" daemon [_thread_blocked, id=6472, stack(0x00007f7b309f9000,0x00007f7b30a32000)]
  0x00007f7ac4082800 JavaThread "process reaper" daemon [_thread_blocked, id=6471, stack(0x00007f7b30a32000,0x00007f7b30a6b000)]
  0x00007f7ac8046000 JavaThread "grpc-command-2" daemon [_thread_blocked, id=6260, stack(0x00007f7aab3e9000,0x00007f7aab4ea000)]
  0x00007f7ac8157000 JavaThread "grpc-stream-2" daemon [_thread_blocked, id=6259, stack(0x00007f7b30065000,0x00007f7b30166000)]
  0x00007f7aec02e000 JavaThread "grpc-default-worker-ELG-3-4" daemon [_thread_blocked, id=6256, stack(0x00007f7aaf7b8000,0x00007f7aaf8b9000)]
  0x00007f7aec013800 JavaThread "grpc-default-worker-ELG-3-3" daemon [_thread_in_native, id=2963, stack(0x00007f7ae2efe000,0x00007f7ae2fff000)]
  0x00007f7aec01e800 JavaThread "grpc-default-worker-ELG-3-2" daemon [_thread_in_native, id=2463, stack(0x00007f7aa73a9000,0x00007f7aa74aa000)]
  0x00007f7ae4057800 JavaThread "threadDeathWatcher-4-1" daemon [_thread_blocked, id=1830, stack(0x00007f7b30166000,0x00007f7b30267000)]
  0x00007f7aec005800 JavaThread "grpc-default-worker-ELG-3-1" daemon [_thread_in_native, id=1829, stack(0x00007f7b30467000,0x00007f7b30568000)]
  0x00007f7b48abc000 JavaThread "grpc-timeout" daemon [_thread_blocked, id=1827, stack(0x00007f7b30568000,0x00007f7b30669000)]
  0x00007f7b48aac000 JavaThread "grpc-default-boss-ELG-1-1" daemon [_thread_in_native, id=1826, stack(0x00007f7b30669000,0x00007f7b3076a000)]
  0x00007f7b48910800 JavaThread "pid-file-watcher" daemon [_thread_blocked, id=1824, stack(0x00007f7b30a6b000,0x00007f7b30b6c000)]
  0x00007f7b48446800 JavaThread "Path cache cleanup" daemon [_thread_blocked, id=1823, stack(0x00007f7b31576000,0x00007f7b31677000)]
  0x00007f7b48189800 JavaThread "Service Thread" daemon [_thread_blocked, id=1821, stack(0x00007f7b320ff000,0x00007f7b32200000)]
  0x00007f7b4817a000 JavaThread "C1 CompilerThread2" daemon [_thread_blocked, id=1820, stack(0x00007f7b3801b000,0x00007f7b3811c000)]
  0x00007f7b48178800 JavaThread "C2 CompilerThread1" daemon [_thread_blocked, id=1819, stack(0x00007f7b3811c000,0x00007f7b3821d000)]
  0x00007f7b48175800 JavaThread "C2 CompilerThread0" daemon [_thread_blocked, id=1818, stack(0x00007f7b3821d000,0x00007f7b3831e000)]
  0x00007f7b48173800 JavaThread "Signal Dispatcher" daemon [_thread_blocked, id=1817, stack(0x00007f7b3831e000,0x00007f7b3841f000)]
  0x00007f7b4814b000 JavaThread "Finalizer" daemon [_thread_blocked, id=1816, stack(0x00007f7b386f7000,0x00007f7b387f8000)]
  0x00007f7b48146800 JavaThread "Reference Handler" daemon [_thread_blocked, id=1815, stack(0x00007f7b387f8000,0x00007f7b388f9000)]
  0x00007f7b4800a800 JavaThread "main" [_thread_blocked, id=1809, stack(0x00007f7b515eb000,0x00007f7b516ec000)]

Other Threads:
  0x00007f7b4813f000 VMThread [stack: 0x00007f7b388f9000,0x00007f7b389fa000] [id=1814]
  0x00007f7b4818c000 WatcherThread [stack: 0x00007f7b31ffe000,0x00007f7b320ff000] [id=1822]

=>0x00007f7b48021000 (exited) GCTaskThread [stack: 0x00007f7b4d782000,0x00007f7b4d883000] [id=1811]

VM state:at safepoint (normal execution)

VM Mutex/Monitor currently owned by a thread:  ([mutex/lock_event])
[0x00007f7b48006af0] Threads_lock - owner thread: 0x00007f7b4813f000
[0x00007f7b48006ff0] Heap_lock - owner thread: 0x00007f7ac4013800

Heap:
 PSYoungGen      total 125952K, used 1408K [0x00000000ec000000, 0x00000000f4700000, 0x0000000100000000)
  eden space 113664K, 0% used [0x00000000ec000000,0x00000000ec000000,0x00000000f2f00000)
  from space 12288K, 11% used [0x00000000f2f00000,0x00000000f3060000,0x00000000f3b00000)
  to   space 12288K, 0% used [0x00000000f3b00000,0x00000000f3b00000,0x00000000f4700000)
 ParOldGen       total 60928K, used 19247K [0x00000000c4000000, 0x00000000c7b80000, 0x00000000ec000000)
  object space 60928K, 31% used [0x00000000c4000000,0x00000000c52cbee8,0x00000000c7b80000)
 Metaspace       used 36142K, capacity 37120K, committed 37416K, reserved 1083392K
  class space    used 4137K, capacity 4350K, committed 4392K, reserved 1048576K

Card table byte_map: [0x00007f7b4dac4000,0x00007f7b4dca5000] byte_map_base: 0x00007f7b4d4a4000

Marking Bits: (ParMarkBitMap*) 0x00007f7b508b82c0
 Begin Bits: [0x00007f7b32200000, 0x00007f7b33100000)
 End Bits:   [0x00007f7b33100000, 0x00007f7b34000000)

Polling page: 0x00007f7b5170a000

CodeCache: size=245760Kb used=16488Kb max_used=16507Kb free=229271Kb
 bounds [0x00007f7b39000000, 0x00007f7b3a050000, 0x00007f7b48000000]
 total_blobs=6309 nmethods=5768 adapters=454
 compilation: enabled

Compilation events (10 events):
Event: 1280.841 Thread 0x00007f7b4817a000 6956       3       sun.nio.ch.IOVecWrapper::clearRefs (15 bytes)
Event: 1280.842 Thread 0x00007f7b4817a000 nmethod 6956 0x00007f7b39492290 code [0x00007f7b39492420, 0x00007f7b39492830]
Event: 1280.842 Thread 0x00007f7b4817a000 6962       3       sun.nio.ch.SelectionKeyImpl::interestOps (9 bytes)
Event: 1280.842 Thread 0x00007f7b48178800 nmethod 6967 0x00007f7b399bc490 code [0x00007f7b399bc600, 0x00007f7b399bc838]
Event: 1280.842 Thread 0x00007f7b4817a000 nmethod 6962 0x00007f7b39954490 code [0x00007f7b39954620, 0x00007f7b39954928]
Event: 1280.842 Thread 0x00007f7b4817a000 6963       1       com.google.devtools.build.lib.profiler.PredicateBasedStatRecorder$RecorderAndPredicate::access$000 (5 bytes)
Event: 1280.842 Thread 0x00007f7b4817a000 nmethod 6963 0x00007f7b399ba290 code [0x00007f7b399ba3e0, 0x00007f7b399ba4d0]
Event: 1280.842 Thread 0x00007f7b4817a000 6964       1       com.google.devtools.build.lib.profiler.PredicateBasedStatRecorder$RecorderAndPredicate::access$100 (5 bytes)
Event: 1280.842 Thread 0x00007f7b4817a000 nmethod 6964 0x00007f7b39fe6410 code [0x00007f7b39fe6560, 0x00007f7b39fe6650]
Event: 1280.890 Thread 0x00007f7b48175800 nmethod 6960 0x00007f7b3a044990 code [0x00007f7b3a044cc0, 0x00007f7b3a046c58]

GC Heap History (10 events):
Event: 187.990 GC heap after
Heap after GC invocations=18 (full 4):
 PSYoungGen      total 110592K, used 1056K [0x00000000ec000000, 0x00000000f3880000, 0x0000000100000000)
  eden space 97792K, 0% used [0x00000000ec000000,0x00000000ec000000,0x00000000f1f80000)
  from space 12800K, 8% used [0x00000000f2c00000,0x00000000f2d08000,0x00000000f3880000)
  to   space 12800K, 0% used [0x00000000f1f80000,0x00000000f1f80000,0x00000000f2c00000)
 ParOldGen       total 60928K, used 18670K [0x00000000c4000000, 0x00000000c7b80000, 0x00000000ec000000)
  object space 60928K, 30% used [0x00000000c4000000,0x00000000c523ba50,0x00000000c7b80000)
 Metaspace       used 35811K, capacity 36738K, committed 36904K, reserved 1081344K
  class space    used 4107K, capacity 4339K, committed 4392K, reserved 1048576K
}
Event: 187.990 GC heap before
{Heap before GC invocations=19 (full 5):
 PSYoungGen      total 110592K, used 1056K [0x00000000ec000000, 0x00000000f3880000, 0x0000000100000000)
  eden space 97792K, 0% used [0x00000000ec000000,0x00000000ec000000,0x00000000f1f80000)
  from space 12800K, 8% used [0x00000000f2c00000,0x00000000f2d08000,0x00000000f3880000)
  to   space 12800K, 0% used [0x00000000f1f80000,0x00000000f1f80000,0x00000000f2c00000)
 ParOldGen       total 60928K, used 18670K [0x00000000c4000000, 0x00000000c7b80000, 0x00000000ec000000)
  object space 60928K, 30% used [0x00000000c4000000,0x00000000c523ba50,0x00000000c7b80000)
 Metaspace       used 35811K, capacity 36738K, committed 36904K, reserved 1081344K
  class space    used 4107K, capacity 4339K, committed 4392K, reserved 1048576K
Event: 188.230 GC heap after
Heap after GC invocations=19 (full 5):
 PSYoungGen      total 110592K, used 0K [0x00000000ec000000, 0x00000000f3880000, 0x0000000100000000)
  eden space 97792K, 0% used [0x00000000ec000000,0x00000000ec000000,0x00000000f1f80000)
  from space 12800K, 0% used [0x00000000f2c00000,0x00000000f2c00000,0x00000000f3880000)
  to   space 12800K, 0% used [0x00000000f1f80000,0x00000000f1f80000,0x00000000f2c00000)
 ParOldGen       total 60928K, used 19231K [0x00000000c4000000, 0x00000000c7b80000, 0x00000000ec000000)
  object space 60928K, 31% used [0x00000000c4000000,0x00000000c52c7ee8,0x00000000c7b80000)
 Metaspace       used 35811K, capacity 36738K, committed 36904K, reserved 1081344K
  class space    used 4107K, capacity 4339K, committed 4392K, reserved 1048576K
}
Event: 1271.270 GC heap before
{Heap before GC invocations=20 (full 5):
 PSYoungGen      total 110592K, used 97792K [0x00000000ec000000, 0x00000000f3880000, 0x0000000100000000)
  eden space 97792K, 100% used [0x00000000ec000000,0x00000000f1f80000,0x00000000f1f80000)
  from space 12800K, 0% used [0x00000000f2c00000,0x00000000f2c00000,0x00000000f3880000)
  to   space 12800K, 0% used [0x00000000f1f80000,0x00000000f1f80000,0x00000000f2c00000)
 ParOldGen       total 60928K, used 19231K [0x00000000c4000000, 0x00000000c7b80000, 0x00000000ec000000)
  object space 60928K, 31% used [0x00000000c4000000,0x00000000c52c7ee8,0x00000000c7b80000)
 Metaspace       used 36098K, capacity 37032K, committed 37160K, reserved 1081344K
  class space    used 4135K, capacity 4346K, committed 4392K, reserved 1048576K
Event: 1271.275 GC heap after
Heap after GC invocations=20 (full 5):
 PSYoungGen      total 110592K, used 2432K [0x00000000ec000000, 0x00000000f4b80000, 0x0000000100000000)
  eden space 97792K, 0% used [0x00000000ec000000,0x00000000ec000000,0x00000000f1f80000)
  from space 12800K, 19% used [0x00000000f1f80000,0x00000000f21e0030,0x00000000f2c00000)
  to   space 12800K, 0% used [0x00000000f3f00000,0x00000000f3f00000,0x00000000f4b80000)
 ParOldGen       total 60928K, used 19239K [0x00000000c4000000, 0x00000000c7b80000, 0x00000000ec000000)
  object space 60928K, 31% used [0x00000000c4000000,0x00000000c52c9ee8,0x00000000c7b80000)
 Metaspace       used 36098K, capacity 37032K, committed 37160K, reserved 1081344K
  class space    used 4135K, capacity 4346K, committed 4392K, reserved 1048576K
}
Event: 1279.398 GC heap before
{Heap before GC invocations=21 (full 5):
 PSYoungGen      total 110592K, used 100224K [0x00000000ec000000, 0x00000000f4b80000, 0x0000000100000000)
  eden space 97792K, 100% used [0x00000000ec000000,0x00000000f1f80000,0x00000000f1f80000)
  from space 12800K, 19% used [0x00000000f1f80000,0x00000000f21e0030,0x00000000f2c00000)
  to   space 12800K, 0% used [0x00000000f3f00000,0x00000000f3f00000,0x00000000f4b80000)
 ParOldGen       total 60928K, used 19239K [0x00000000c4000000, 0x00000000c7b80000, 0x00000000ec000000)
  object space 60928K, 31% used [0x00000000c4000000,0x00000000c52c9ee8,0x00000000c7b80000)
 Metaspace       used 36137K, capacity 37120K, committed 37416K, reserved 1083392K
  class space    used 4137K, capacity 4350K, committed 4392K, reserved 1048576K
Event: 1279.403 GC heap after
Heap after GC invocations=21 (full 5):
 PSYoungGen      total 121856K, used 1704K [0x00000000ec000000, 0x00000000f4700000, 0x0000000100000000)
  eden space 113664K, 0% used [0x00000000ec000000,0x00000000ec000000,0x00000000f2f00000)
  from space 8192K, 20% used [0x00000000f3f00000,0x00000000f40aa3e0,0x00000000f4700000)
  to   space 12288K, 0% used [0x00000000f2f00000,0x00000000f2f00000,0x00000000f3b00000)
 ParOldGen       total 60928K, used 19247K [0x00000000c4000000, 0x00000000c7b80000, 0x00000000ec000000)
  object space 60928K, 31% used [0x00000000c4000000,0x00000000c52cbee8,0x00000000c7b80000)
 Metaspace       used 36137K, capacity 37120K, committed 37416K, reserved 1083392K
  class space    used 4137K, capacity 4350K, committed 4392K, reserved 1048576K
}
Event: 1290.839 GC heap before
{Heap before GC invocations=22 (full 5):
 PSYoungGen      total 121856K, used 6070K [0x00000000ec000000, 0x00000000f4700000, 0x0000000100000000)
  eden space 113664K, 3% used [0x00000000ec000000,0x00000000ec443760,0x00000000f2f00000)
  from space 8192K, 20% used [0x00000000f3f00000,0x00000000f40aa3e0,0x00000000f4700000)
  to   space 12288K, 0% used [0x00000000f2f00000,0x00000000f2f00000,0x00000000f3b00000)
 ParOldGen       total 60928K, used 19247K [0x00000000c4000000, 0x00000000c7b80000, 0x00000000ec000000)
  object space 60928K, 31% used [0x00000000c4000000,0x00000000c52cbee8,0x00000000c7b80000)
 Metaspace       used 36142K, capacity 37120K, committed 37416K, reserved 1083392K
  class space    used 4137K, capacity 4350K, committed 4392K, reserved 1048576K
Event: 1290.846 GC heap after
Heap after GC invocations=22 (full 5):
 PSYoungGen      total 125952K, used 1408K [0x00000000ec000000, 0x00000000f4700000, 0x0000000100000000)
  eden space 113664K, 0% used [0x00000000ec000000,0x00000000ec000000,0x00000000f2f00000)
  from space 12288K, 11% used [0x00000000f2f00000,0x00000000f3060000,0x00000000f3b00000)
  to   space 12288K, 0% used [0x00000000f3b00000,0x00000000f3b00000,0x00000000f4700000)
 ParOldGen       total 60928K, used 19247K [0x00000000c4000000, 0x00000000c7b80000, 0x00000000ec000000)
  object space 60928K, 31% used [0x00000000c4000000,0x00000000c52cbee8,0x00000000c7b80000)
 Metaspace       used 36142K, capacity 37120K, committed 37416K, reserved 1083392K
  class space    used 4137K, capacity 4350K, committed 4392K, reserved 1048576K
}
Event: 1290.846 GC heap before
{Heap before GC invocations=23 (full 6):
 PSYoungGen      total 125952K, used 1408K [0x00000000ec000000, 0x00000000f4700000, 0x0000000100000000)
  eden space 113664K, 0% used [0x00000000ec000000,0x00000000ec000000,0x00000000f2f00000)
  from space 12288K, 11% used [0x00000000f2f00000,0x00000000f3060000,0x00000000f3b00000)
  to   space 12288K, 0% used [0x00000000f3b00000,0x00000000f3b00000,0x00000000f4700000)
 ParOldGen       total 60928K, used 19247K [0x00000000c4000000, 0x00000000c7b80000, 0x00000000ec000000)
  object space 60928K, 31% used [0x00000000c4000000,0x00000000c52cbee8,0x00000000c7b80000)
 Metaspace       used 36142K, capacity 37120K, committed 37416K, reserved 1083392K
  class space    used 4137K, capacity 4350K, committed 4392K, reserved 1048576K

Deoptimization events (10 events):
Event: 1271.276 Thread 0x00007f7ac4013800 Uncommon trap: reason=null_check action=make_not_entrant pc=0x00007f7b39a8c85c method=com.google.devtools.build.lib.vfs.Path.getCachedChildPathInternal(Lcom/google/devtools/build/lib/vfs/Path;Ljava/lang/String;Z)Lcom/google/devtools/build/lib/vfs/Path; @ 
Event: 1276.923 Thread 0x00007f7aec02e000 Uncommon trap: reason=array_check action=maybe_recompile pc=0x00007f7b39e3d844 method=java.util.Arrays.fill([Ljava/lang/Object;IILjava/lang/Object;)V @ 20
Event: 1277.165 Thread 0x00007f7aec02e000 Uncommon trap: reason=array_check action=maybe_recompile pc=0x00007f7b39e3d844 method=java.util.Arrays.fill([Ljava/lang/Object;IILjava/lang/Object;)V @ 20
Event: 1277.766 Thread 0x00007f7aec02e000 Uncommon trap: reason=array_check action=maybe_recompile pc=0x00007f7b39e3d844 method=java.util.Arrays.fill([Ljava/lang/Object;IILjava/lang/Object;)V @ 20
Event: 1278.966 Thread 0x00007f7aec02e000 Uncommon trap: reason=array_check action=maybe_recompile pc=0x00007f7b39e3d844 method=java.util.Arrays.fill([Ljava/lang/Object;IILjava/lang/Object;)V @ 20
Event: 1279.403 Thread 0x00007f7ac401a800 Uncommon trap: reason=null_check action=make_not_entrant pc=0x00007f7b3992ea14 method=com.google.devtools.build.lib.vfs.Path.getCachedChildPathInternal(Lcom/google/devtools/build/lib/vfs/Path;Ljava/lang/String;Z)Lcom/google/devtools/build/lib/vfs/Path; @ 
Event: 1279.413 Thread 0x00007f7ac401a800 Uncommon trap: reason=unstable_if action=reinterpret pc=0x00007f7b39e6d230 method=com.google.devtools.build.lib.rules.cpp.CcToolchainFeatures$FlagGroup.canBeExpanded(Lcom/google/devtools/build/lib/rules/cpp/CcToolchainFeatures$Variables;)Z @ 32
Event: 1280.829 Thread 0x00007f7ac8046000 Uncommon trap: reason=speculate_class_check action=maybe_recompile pc=0x00007f7b39afc3a8 method=com.google.devtools.build.lib.vfs.PathFragment.create(Lcom/google/devtools/build/lib/vfs/PathFragment;Lcom/google/devtools/build/lib/vfs/PathFragment;[Lcom/goo
Event: 1280.829 Thread 0x00007f7ac8046000 Uncommon trap: reason=unstable_if action=reinterpret pc=0x00007f7b39fc8b84 method=java.lang.ref.SoftReference.get()Ljava/lang/Object; @ 6
Event: 1280.830 Thread 0x00007f7ac8046000 Uncommon trap: reason=unstable_if action=reinterpret pc=0x00007f7b394f99b4 method=java.io.BufferedOutputStream.write([BII)V @ 35

Internal exceptions (10 events):
Event: 38.011 Thread 0x00007f7ad43cd000 Exception <a 'java/lang/InterruptedException': sleep interrupted> (0x00000000ee0dd7a8) thrown at [/build/openjdk-8-W2Qe27/openjdk-8-8u151-b12/src/hotspot/src/share/vm/prims/jvm.cpp, line 3228]
Event: 38.018 Thread 0x00007f7ad43b8800 Exception <a 'java/lang/InterruptedException': sleep interrupted> (0x00000000ed599698) thrown at [/build/openjdk-8-W2Qe27/openjdk-8-8u151-b12/src/hotspot/src/share/vm/prims/jvm.cpp, line 3228]
Event: 171.107 Thread 0x00007f7ac812b800 Exception <a 'java/lang/InterruptedException': sleep interrupted> (0x00000000ed330888) thrown at [/build/openjdk-8-W2Qe27/openjdk-8-8u151-b12/src/hotspot/src/share/vm/prims/jvm.cpp, line 3228]
Event: 171.141 Thread 0x00007f7ac8048800 Exception <a 'java/lang/InterruptedException': sleep interrupted> (0x00000000ed392bb8) thrown at [/build/openjdk-8-W2Qe27/openjdk-8-8u151-b12/src/hotspot/src/share/vm/prims/jvm.cpp, line 3228]
Event: 1268.469 Thread 0x00007f7ac4084000 Implicit null exception at 0x00007f7b3919cdf2 to 0x00007f7b3919cfb5
Event: 1271.276 Thread 0x00007f7ac4013800 Implicit null exception at 0x00007f7b39a892c5 to 0x00007f7b39a8c845
Event: 1279.403 Thread 0x00007f7ac401a800 Implicit null exception at 0x00007f7b3992e166 to 0x00007f7b3992ea05
Event: 1280.829 Thread 0x00007f7ac4088800 Exception <a 'java/lang/InterruptedException': sleep interrupted> (0x00000000ec3b1208) thrown at [/build/openjdk-8-W2Qe27/openjdk-8-8u151-b12/src/hotspot/src/share/vm/prims/jvm.cpp, line 3228]
Event: 1280.829 Thread 0x00007f7ac8046000 Implicit null exception at 0x00007f7b39fc7736 to 0x00007f7b39fc8b61
Event: 1280.837 Thread 0x00007f7ac4089800 Exception <a 'java/lang/InterruptedException': sleep interrupted> (0x00000000ec2825e8) thrown at [/build/openjdk-8-W2Qe27/openjdk-8-8u151-b12/src/hotspot/src/share/vm/prims/jvm.cpp, line 3228]

Events (10 events):
Event: 1280.832 Thread 0x00007f7b4817a000 flushing nmethod 0x00007f7b39cd0750
Event: 1280.832 Thread 0x00007f7b4817a000 flushing nmethod 0x00007f7b39cdbdd0
Event: 1280.833 Thread 0x00007f7b4817a000 flushing nmethod 0x00007f7b39ce2850
Event: 1280.833 Thread 0x00007f7b4817a000 flushing nmethod 0x00007f7b39ce6550
Event: 1280.833 Thread 0x00007f7b4817a000 flushing nmethod 0x00007f7b39da4890
Event: 1280.836 Thread 0x00007f7ac8046000 DEOPT PACKING pc=0x00007f7b3972e902 sp=0x00007f7aab4e6e70
Event: 1280.836 Thread 0x00007f7ac8046000 DEOPT UNPACKING pc=0x00007f7b39047373 sp=0x00007f7aab4e6c18 mode 0
Event: 1280.837 Thread 0x00007f7ac4089800 Thread exited: 0x00007f7ac4089800
Event: 1280.838 Thread 0x00007f7ac4013800 Thread added: 0x00007f7ac4013800
Event: 1290.839 Executing VM operation: ParallelGCSystemGC


Dynamic libraries:
00400000-00401000 r-xp 00000000 08:05 800500                             /usr/lib/jvm/java-8-openjdk-amd64/jre/bin/java
00600000-00601000 r--p 00000000 08:05 800500                             /usr/lib/jvm/java-8-openjdk-amd64/jre/bin/java
00601000-00602000 rw-p 00001000 08:05 800500                             /usr/lib/jvm/java-8-openjdk-amd64/jre/bin/java
01d8a000-01dcc000 rw-p 00000000 00:00 0                                  [heap]
c4000000-c7b80000 rw-p 00000000 00:00 0 
c7b80000-ec000000 ---p 00000000 00:00 0 
ec000000-f4700000 rw-p 00000000 00:00 0 
f4700000-100000000 ---p 00000000 00:00 0 
100000000-10044a000 rw-p 00000000 00:00 0 
10044a000-140000000 ---p 00000000 00:00 0 
7f7aa548c000-7f7aa568c000 rw-p 00000000 00:00 0 
7f7aa73a9000-7f7aa73ac000 ---p 00000000 00:00 0 
7f7aa73ac000-7f7aa74aa000 rw-p 00000000 00:00 0 
7f7aa99cf000-7f7aa99d2000 ---p 00000000 00:00 0 
7f7aa99d2000-7f7aa9ad0000 rw-p 00000000 00:00 0 
7f7aa9fd5000-7f7aa9fd8000 ---p 00000000 00:00 0 
7f7aa9fd8000-7f7aaa0d6000 rw-p 00000000 00:00 0 
7f7aaaee4000-7f7aaaee7000 ---p 00000000 00:00 0 
7f7aaaee7000-7f7aaafe5000 rw-p 00000000 00:00 0 
7f7aaafe5000-7f7aaafe8000 ---p 00000000 00:00 0 
7f7aaafe8000-7f7aab0e6000 rw-p 00000000 00:00 0 
7f7aab0e6000-7f7aab0e9000 ---p 00000000 00:00 0 
7f7aab0e9000-7f7aab1e7000 rw-p 00000000 00:00 0 
7f7aab1e7000-7f7aab1ea000 ---p 00000000 00:00 0 
7f7aab1ea000-7f7aab2e8000 rw-p 00000000 00:00 0 
7f7aab3e9000-7f7aab3ec000 ---p 00000000 00:00 0 
7f7aab3ec000-7f7aab4ea000 rw-p 00000000 00:00 0 
7f7aab4ea000-7f7aab4ed000 ---p 00000000 00:00 0 
7f7aab4ed000-7f7aab5eb000 rw-p 00000000 00:00 0 
7f7aab9ef000-7f7aab9f2000 ---p 00000000 00:00 0 
7f7aab9f2000-7f7aabaf0000 rw-p 00000000 00:00 0 
7f7aabdf3000-7f7aabdf6000 ---p 00000000 00:00 0 
7f7aabdf6000-7f7aabef4000 rw-p 00000000 00:00 0 
7f7aabff5000-7f7aac1f5000 rw-p 00000000 00:00 0 
7f7aac283000-7f7aac286000 ---p 00000000 00:00 0 
7f7aac286000-7f7aac384000 rw-p 00000000 00:00 0 
7f7aac384000-7f7aac387000 ---p 00000000 00:00 0 
7f7aac387000-7f7aac485000 rw-p 00000000 00:00 0 
7f7aac485000-7f7aac488000 ---p 00000000 00:00 0 
7f7aac488000-7f7aac586000 rw-p 00000000 00:00 0 
7f7aac788000-7f7aac78b000 ---p 00000000 00:00 0 
7f7aac78b000-7f7aac889000 rw-p 00000000 00:00 0 
7f7aac889000-7f7aac88c000 ---p 00000000 00:00 0 
7f7aac88c000-7f7aac98a000 rw-p 00000000 00:00 0 
7f7aaf7b8000-7f7aaf7bb000 ---p 00000000 00:00 0 
7f7aaf7bb000-7f7aaf8b9000 rw-p 00000000 00:00 0 
7f7aaf8b9000-7f7aaf8bc000 ---p 00000000 00:00 0 
7f7aaf8bc000-7f7aaf9ba000 rw-p 00000000 00:00 0 
7f7ab11e1000-7f7ab21e2000 rw-p 00000000 00:00 0 
7f7ab21e2000-7f7ab21e5000 ---p 00000000 00:00 0 
7f7ab21e5000-7f7ab22e3000 rw-p 00000000 00:00 0 
7f7ab2ced000-7f7ab2cf0000 ---p 00000000 00:00 0 
7f7ab2cf0000-7f7ab2dee000 rw-p 00000000 00:00 0 
7f7ab2eef000-7f7ab2ef2000 ---p 00000000 00:00 0 
7f7ab2ef2000-7f7ab2ff0000 rw-p 00000000 00:00 0 
7f7ab2ff0000-7f7ab2ff3000 ---p 00000000 00:00 0 
7f7ab2ff3000-7f7ab30f1000 rw-p 00000000 00:00 0 
7f7ab32f3000-7f7ab32f6000 ---p 00000000 00:00 0 
7f7ab32f6000-7f7ab33f4000 rw-p 00000000 00:00 0 
7f7ab33f4000-7f7ab33f7000 ---p 00000000 00:00 0 
7f7ab33f7000-7f7ab34f5000 rw-p 00000000 00:00 0 
7f7ab36f7000-7f7ab36fa000 ---p 00000000 00:00 0 
7f7ab36fa000-7f7ab37f8000 rw-p 00000000 00:00 0 
7f7ab37f8000-7f7ab37fb000 ---p 00000000 00:00 0 
7f7ab37fb000-7f7ab38f9000 rw-p 00000000 00:00 0 
7f7ab3bfc000-7f7ab3bff000 ---p 00000000 00:00 0 
7f7ab3bff000-7f7ab3cfd000 rw-p 00000000 00:00 0 
7f7ab3eff000-7f7ab3f02000 ---p 00000000 00:00 0 
7f7ab3f02000-7f7ab4000000 rw-p 00000000 00:00 0 
7f7ab4000000-7f7ab40a9000 rw-p 00000000 00:00 0 
7f7ab40a9000-7f7ab8000000 ---p 00000000 00:00 0 
7f7ab804f000-7f7ab8052000 ---p 00000000 00:00 0 
7f7ab8052000-7f7ab9151000 rw-p 00000000 00:00 0 
7f7ab9454000-7f7ab9457000 ---p 00000000 00:00 0 
7f7ab9457000-7f7ab9555000 rw-p 00000000 00:00 0 
7f7ab9555000-7f7ab9558000 ---p 00000000 00:00 0 
7f7ab9558000-7f7ab9656000 rw-p 00000000 00:00 0 
7f7ab9757000-7f7ab975a000 ---p 00000000 00:00 0 
7f7ab975a000-7f7ab9858000 rw-p 00000000 00:00 0 
7f7ab9959000-7f7ab995c000 ---p 00000000 00:00 0 
7f7ab995c000-7f7ab9a5a000 rw-p 00000000 00:00 0 
7f7ab9b5b000-7f7ab9b5e000 ---p 00000000 00:00 0 
7f7ab9b5e000-7f7ab9c5c000 rw-p 00000000 00:00 0 
7f7ab9e5e000-7f7ab9e61000 ---p 00000000 00:00 0 
7f7ab9e61000-7f7ab9f5f000 rw-p 00000000 00:00 0 
7f7ab9f5f000-7f7ab9f62000 ---p 00000000 00:00 0 
7f7ab9f62000-7f7aba060000 rw-p 00000000 00:00 0 
7f7aba161000-7f7aba164000 ---p 00000000 00:00 0 
7f7aba164000-7f7aba262000 rw-p 00000000 00:00 0 
7f7aba363000-7f7aba366000 ---p 00000000 00:00 0 
7f7aba366000-7f7aba464000 rw-p 00000000 00:00 0 
7f7aba868000-7f7abba69000 rw-p 00000000 00:00 0 
7f7abbbfe000-7f7abbc3e000 rw-p 00000000 00:00 0 
7f7abbc3e000-7f7abbe01000 ---p 00000000 00:00 0 
7f7abbe01000-7f7abbeff000 rw-p 00000000 00:00 0 
7f7abc000000-7f7abc02a000 rw-p 00000000 00:00 0 
7f7abc02a000-7f7ac0000000 ---p 00000000 00:00 0 
7f7ac0000000-7f7ac0042000 rw-p 00000000 00:00 0 
7f7ac0042000-7f7ac4000000 ---p 00000000 00:00 0 
7f7ac4000000-7f7ac4137000 rw-p 00000000 00:00 0 
7f7ac4137000-7f7ac8000000 ---p 00000000 00:00 0 
7f7ac8000000-7f7ac8162000 rw-p 00000000 00:00 0 
7f7ac8162000-7f7acc000000 ---p 00000000 00:00 0 
7f7acc000000-7f7acc047000 rw-p 00000000 00:00 0 
7f7acc047000-7f7ad0000000 ---p 00000000 00:00 0 
7f7ad0000000-7f7ad0035000 rw-p 00000000 00:00 0 
7f7ad0035000-7f7ad4000000 ---p 00000000 00:00 0 
7f7ad4000000-7f7ad4415000 rw-p 00000000 00:00 0 
7f7ad4415000-7f7ad8000000 ---p 00000000 00:00 0 
7f7ad8000000-7f7ad8055000 rw-p 00000000 00:00 0 
7f7ad8055000-7f7adc000000 ---p 00000000 00:00 0 
7f7adc000000-7f7adc024000 rw-p 00000000 00:00 0 
7f7adc024000-7f7ae0000000 ---p 00000000 00:00 0 
7f7ae01f3000-7f7ae01f6000 ---p 00000000 00:00 0 
7f7ae01f6000-7f7ae02f4000 rw-p 00000000 00:00 0 
7f7ae03f5000-7f7ae03f8000 ---p 00000000 00:00 0 
7f7ae03f8000-7f7ae04f6000 rw-p 00000000 00:00 0 
7f7ae04f6000-7f7ae04f9000 ---p 00000000 00:00 0 
7f7ae04f9000-7f7ae05f7000 rw-p 00000000 00:00 0 
7f7ae074e000-7f7ae0751000 ---p 00000000 00:00 0 
7f7ae0751000-7f7ae0787000 rw-p 00000000 00:00 0 
7f7ae0787000-7f7ae078a000 ---p 00000000 00:00 0 
7f7ae078a000-7f7ae07c0000 rw-p 00000000 00:00 0 
7f7ae07c0000-7f7ae07c3000 ---p 00000000 00:00 0 
7f7ae07c3000-7f7ae09f9000 rw-p 00000000 00:00 0 
7f7ae09f9000-7f7ae19fa000 rw-p 00000000 00:00 0 
7f7ae1a19000-7f7ae1a1c000 ---p 00000000 00:00 0 
7f7ae1a1c000-7f7ae1a52000 rw-p 00000000 00:00 0 
7f7ae1a52000-7f7ae1a55000 ---p 00000000 00:00 0 
7f7ae1a55000-7f7ae1a8b000 rw-p 00000000 00:00 0 
7f7ae1a8b000-7f7ae1a8e000 ---p 00000000 00:00 0 
7f7ae1a8e000-7f7ae1ac4000 rw-p 00000000 00:00 0 
7f7ae1ac4000-7f7ae1ac7000 ---p 00000000 00:00 0 
7f7ae1ac7000-7f7ae1cfd000 rw-p 00000000 00:00 0 
7f7ae1cfd000-7f7ae1efd000 rw-p 00000000 00:00 0 
7f7ae1efd000-7f7ae2efe000 rw-p 00000000 00:00 0 
7f7ae2efe000-7f7ae2f01000 ---p 00000000 00:00 0 
7f7ae2f01000-7f7ae4000000 rw-p 00000000 00:00 0 
7f7ae4000000-7f7ae40bb000 rw-p 00000000 00:00 0 
7f7ae40bb000-7f7ae8000000 ---p 00000000 00:00 0 
7f7ae8000000-7f7ae8021000 rw-p 00000000 00:00 0 
7f7ae8021000-7f7aec000000 ---p 00000000 00:00 0 
7f7aec000000-7f7aec03a000 rw-p 00000000 00:00 0 
7f7aec03a000-7f7af0000000 ---p 00000000 00:00 0 
7f7af0000000-7f7af0026000 rw-p 00000000 00:00 0 
7f7af0026000-7f7af4000000 ---p 00000000 00:00 0 
7f7af4000000-7f7af4021000 rw-p 00000000 00:00 0 
7f7af4021000-7f7af8000000 ---p 00000000 00:00 0 
7f7af8000000-7f7af8026000 rw-p 00000000 00:00 0 
7f7af8026000-7f7afc000000 ---p 00000000 00:00 0 
7f7afc000000-7f7afc117000 rw-p 00000000 00:00 0 
7f7afc117000-7f7b00000000 ---p 00000000 00:00 0 
7f7b00000000-7f7b00032000 rw-p 00000000 00:00 0 
7f7b00032000-7f7b04000000 ---p 00000000 00:00 0 
7f7b04000000-7f7b04e5c000 rw-p 00000000 00:00 0 
7f7b04e5c000-7f7b08000000 ---p 00000000 00:00 0 
7f7b08000000-7f7b08031000 rw-p 00000000 00:00 0 
7f7b08031000-7f7b0c000000 ---p 00000000 00:00 0 
7f7b0c000000-7f7b0dfee000 rw-p 00000000 00:00 0 
7f7b0dfee000-7f7b10000000 ---p 00000000 00:00 0 
7f7b10000000-7f7b11eda000 rw-p 00000000 00:00 0 
7f7b11eda000-7f7b14000000 ---p 00000000 00:00 0 
7f7b14000000-7f7b14021000 rw-p 00000000 00:00 0 
7f7b14021000-7f7b18000000 ---p 00000000 00:00 0 
7f7b18000000-7f7b18021000 rw-p 00000000 00:00 0 
7f7b18021000-7f7b1c000000 ---p 00000000 00:00 0 
7f7b1c000000-7f7b1c3ee000 rw-p 00000000 00:00 0 
7f7b1c3ee000-7f7b20000000 ---p 00000000 00:00 0 
7f7b20000000-7f7b20027000 rw-p 00000000 00:00 0 
7f7b20027000-7f7b24000000 ---p 00000000 00:00 0 
7f7b24000000-7f7b24036000 rw-p 00000000 00:00 0 
7f7b24036000-7f7b28000000 ---p 00000000 00:00 0 
7f7b28000000-7f7b28076000 rw-p 00000000 00:00 0 
7f7b28076000-7f7b2c000000 ---p 00000000 00:00 0 
7f7b2c000000-7f7b2c03d000 rw-p 00000000 00:00 0 
7f7b2c03d000-7f7b30000000 ---p 00000000 00:00 0 
7f7b3002c000-7f7b3002f000 ---p 00000000 00:00 0 
7f7b3002f000-7f7b30065000 rw-p 00000000 00:00 0 
7f7b30065000-7f7b30068000 ---p 00000000 00:00 0 
7f7b30068000-7f7b30166000 rw-p 00000000 00:00 0 
7f7b30166000-7f7b30169000 ---p 00000000 00:00 0 
7f7b30169000-7f7b30467000 rw-p 00000000 00:00 0 
7f7b30467000-7f7b3046a000 ---p 00000000 00:00 0 
7f7b3046a000-7f7b30568000 rw-p 00000000 00:00 0 
7f7b30568000-7f7b3056b000 ---p 00000000 00:00 0 
7f7b3056b000-7f7b30669000 rw-p 00000000 00:00 0 
7f7b30669000-7f7b3066c000 ---p 00000000 00:00 0 
7f7b3066c000-7f7b3096a000 rw-p 00000000 00:00 0 
7f7b30987000-7f7b3098a000 ---p 00000000 00:00 0 
7f7b3098a000-7f7b309c0000 rw-p 00000000 00:00 0 
7f7b309c0000-7f7b309c3000 ---p 00000000 00:00 0 
7f7b309c3000-7f7b309f9000 rw-p 00000000 00:00 0 
7f7b309f9000-7f7b309fc000 ---p 00000000 00:00 0 
7f7b309fc000-7f7b30a32000 rw-p 00000000 00:00 0 
7f7b30a32000-7f7b30a35000 ---p 00000000 00:00 0 
7f7b30a35000-7f7b30a6b000 rw-p 00000000 00:00 0 
7f7b30a6b000-7f7b30a6e000 ---p 00000000 00:00 0 
7f7b30a6e000-7f7b30b6c000 rw-p 00000000 00:00 0 
7f7b30b6c000-7f7b30b75000 r-xp 00000000 08:05 669416                     /usr/lib/jvm/java-8-openjdk-amd64/jre/lib/amd64/libmanagement.so
7f7b30b75000-7f7b30d74000 ---p 00009000 08:05 669416                     /usr/lib/jvm/java-8-openjdk-amd64/jre/lib/amd64/libmanagement.so
7f7b30d74000-7f7b30d75000 r--p 00008000 08:05 669416                     /usr/lib/jvm/java-8-openjdk-amd64/jre/lib/amd64/libmanagement.so
7f7b30d75000-7f7b30d76000 rw-p 00009000 08:05 669416                     /usr/lib/jvm/java-8-openjdk-amd64/jre/lib/amd64/libmanagement.so
7f7b30d76000-7f7b30f76000 rw-p 00000000 00:00 0 
7f7b30f76000-7f7b31176000 rw-p 00000000 00:00 0 
7f7b31176000-7f7b31376000 rw-p 00000000 00:00 0 
7f7b31376000-7f7b31576000 rw-p 00000000 00:00 0 
7f7b31576000-7f7b31579000 ---p 00000000 00:00 0 
7f7b31579000-7f7b31978000 rw-p 00000000 00:00 0 
7f7b31978000-7f7b3198f000 r-xp 00000000 08:05 669433                     /usr/lib/jvm/java-8-openjdk-amd64/jre/lib/amd64/libnet.so
7f7b3198f000-7f7b31b8e000 ---p 00017000 08:05 669433                     /usr/lib/jvm/java-8-openjdk-amd64/jre/lib/amd64/libnet.so
7f7b31b8e000-7f7b31b8f000 r--p 00016000 08:05 669433                     /usr/lib/jvm/java-8-openjdk-amd64/jre/lib/amd64/libnet.so
7f7b31b8f000-7f7b31b90000 rw-p 00017000 08:05 669433                     /usr/lib/jvm/java-8-openjdk-amd64/jre/lib/amd64/libnet.so
7f7b31b90000-7f7b31ba1000 r-xp 00000000 08:05 669444                     /usr/lib/jvm/java-8-openjdk-amd64/jre/lib/amd64/libnio.so
7f7b31ba1000-7f7b31da1000 ---p 00011000 08:05 669444                     /usr/lib/jvm/java-8-openjdk-amd64/jre/lib/amd64/libnio.so
7f7b31da1000-7f7b31da2000 r--p 00011000 08:05 669444                     /usr/lib/jvm/java-8-openjdk-amd64/jre/lib/amd64/libnio.so
7f7b31da2000-7f7b31da3000 rw-p 00012000 08:05 669444                     /usr/lib/jvm/java-8-openjdk-amd64/jre/lib/amd64/libnio.so
7f7b31da3000-7f7b31ffe000 r--s 023bb000 08:05 1574752                    /home/person/.cache/bazel/_bazel_person/install/ca748b308b88c2f3aa15adaa51404d04/_embedded_binaries/A-server.jar
7f7b31ffe000-7f7b31fff000 ---p 00000000 00:00 0 
7f7b31fff000-7f7b320ff000 rw-p 00000000 00:00 0 
7f7b320ff000-7f7b32102000 ---p 00000000 00:00 0 
7f7b32102000-7f7b34000000 rw-p 00000000 00:00 0 
7f7b34000000-7f7b34030000 rw-p 00000000 00:00 0 
7f7b34030000-7f7b38000000 ---p 00000000 00:00 0 
7f7b3801b000-7f7b3801e000 ---p 00000000 00:00 0 
7f7b3801e000-7f7b3811c000 rw-p 00000000 00:00 0 
7f7b3811c000-7f7b3811f000 ---p 00000000 00:00 0 
7f7b3811f000-7f7b3821d000 rw-p 00000000 00:00 0 
7f7b3821d000-7f7b38220000 ---p 00000000 00:00 0 
7f7b38220000-7f7b3831e000 rw-p 00000000 00:00 0 
7f7b3831e000-7f7b38321000 ---p 00000000 00:00 0 
7f7b38321000-7f7b3841f000 rw-p 00000000 00:00 0 
7f7b3841f000-7f7b386f7000 r--p 00000000 08:05 675325                     /usr/lib/locale/locale-archive
7f7b386f7000-7f7b386fa000 ---p 00000000 00:00 0 
7f7b386fa000-7f7b387f8000 rw-p 00000000 00:00 0 
7f7b387f8000-7f7b387fb000 ---p 00000000 00:00 0 
7f7b387fb000-7f7b388f9000 rw-p 00000000 00:00 0 
7f7b388f9000-7f7b388fa000 ---p 00000000 00:00 0 
7f7b388fa000-7f7b39000000 rw-p 00000000 00:00 0 
7f7b39000000-7f7b3a050000 rwxp 00000000 00:00 0 
7f7b3a050000-7f7b48000000 ---p 00000000 00:00 0 
7f7b48000000-7f7b48adc000 rw-p 00000000 00:00 0 
7f7b48adc000-7f7b4c000000 ---p 00000000 00:00 0 
7f7b4c004000-7f7b4c009000 r--s 0009a000 08:05 669452                     /usr/lib/jvm/java-8-openjdk-amd64/jre/lib/jsse.jar
7f7b4c009000-7f7b4c02a000 r-xp 00000000 08:05 1575534                    /home/person/.cache/bazel/_bazel_person/install/ca748b308b88c2f3aa15adaa51404d04/_embedded_binaries/libunix.so
7f7b4c02a000-7f7b4c02c000 r--p 00020000 08:05 1575534                    /home/person/.cache/bazel/_bazel_person/install/ca748b308b88c2f3aa15adaa51404d04/_embedded_binaries/libunix.so
7f7b4c02c000-7f7b4c02d000 rw-p 00022000 08:05 1575534                    /home/person/.cache/bazel/_bazel_person/install/ca748b308b88c2f3aa15adaa51404d04/_embedded_binaries/libunix.so
7f7b4c02d000-7f7b4c037000 r--s 00116000 08:05 668767                     /usr/lib/jvm/java-8-openjdk-amd64/jre/lib/ext/localedata.jar
7f7b4c037000-7f7b4c052000 r--s 001d6000 08:05 668764                     /usr/lib/jvm/java-8-openjdk-amd64/jre/lib/ext/nashorn.jar
7f7b4c052000-7f7b4c95b000 rw-p 00000000 00:00 0 
7f7b4c95b000-7f7b4cb2a000 r--s 03c21000 08:05 668757                     /usr/lib/jvm/java-8-openjdk-amd64/jre/lib/rt.jar
7f7b4cb2a000-7f7b4d580000 rw-p 00000000 00:00 0 
7f7b4d580000-7f7b4d581000 ---p 00000000 00:00 0 
7f7b4d581000-7f7b4d681000 rw-p 00000000 00:00 0 
7f7b4d681000-7f7b4d682000 ---p 00000000 00:00 0 
7f7b4d682000-7f7b4d782000 rw-p 00000000 00:00 0 
7f7b4d782000-7f7b4d783000 ---p 00000000 00:00 0 
7f7b4d783000-7f7b4d883000 rw-p 00000000 00:00 0 
7f7b4d883000-7f7b4d884000 ---p 00000000 00:00 0 
7f7b4d884000-7f7b4d9a2000 rw-p 00000000 00:00 0 
7f7b4d9a2000-7f7b4dac4000 ---p 00000000 00:00 0 
7f7b4dac4000-7f7b4dae2000 rw-p 00000000 00:00 0 
7f7b4dae2000-7f7b4dc04000 ---p 00000000 00:00 0 
7f7b4dc04000-7f7b4dc48000 rw-p 00000000 00:00 0 
7f7b4dc48000-7f7b4dca4000 ---p 00000000 00:00 0 
7f7b4dca4000-7f7b4dce7000 rw-p 00000000 00:00 0 
7f7b4dce7000-7f7b4e065000 ---p 00000000 00:00 0 
7f7b4e065000-7f7b4e06d000 r-xp 00000000 08:05 669438                     /usr/lib/jvm/java-8-openjdk-amd64/jre/lib/amd64/libzip.so
7f7b4e06d000-7f7b4e26c000 ---p 00008000 08:05 669438                     /usr/lib/jvm/java-8-openjdk-amd64/jre/lib/amd64/libzip.so
7f7b4e26c000-7f7b4e26d000 r--p 00007000 08:05 669438                     /usr/lib/jvm/java-8-openjdk-amd64/jre/lib/amd64/libzip.so
7f7b4e26d000-7f7b4e26e000 rw-p 00008000 08:05 669438                     /usr/lib/jvm/java-8-openjdk-amd64/jre/lib/amd64/libzip.so
7f7b4e26e000-7f7b4e279000 r-xp 00000000 08:05 1705339                    /lib/x86_64-linux-gnu/libnss_files-2.23.so
7f7b4e279000-7f7b4e478000 ---p 0000b000 08:05 1705339                    /lib/x86_64-linux-gnu/libnss_files-2.23.so
7f7b4e478000-7f7b4e479000 r--p 0000a000 08:05 1705339                    /lib/x86_64-linux-gnu/libnss_files-2.23.so
7f7b4e479000-7f7b4e47a000 rw-p 0000b000 08:05 1705339                    /lib/x86_64-linux-gnu/libnss_files-2.23.so
7f7b4e47a000-7f7b4e480000 rw-p 00000000 00:00 0 
7f7b4e480000-7f7b4e48b000 r-xp 00000000 08:05 1705335                    /lib/x86_64-linux-gnu/libnss_nis-2.23.so
7f7b4e48b000-7f7b4e68a000 ---p 0000b000 08:05 1705335                    /lib/x86_64-linux-gnu/libnss_nis-2.23.so
7f7b4e68a000-7f7b4e68b000 r--p 0000a000 08:05 1705335                    /lib/x86_64-linux-gnu/libnss_nis-2.23.so
7f7b4e68b000-7f7b4e68c000 rw-p 0000b000 08:05 1705335                    /lib/x86_64-linux-gnu/libnss_nis-2.23.so
7f7b4e68c000-7f7b4e6a2000 r-xp 00000000 08:05 1705333                    /lib/x86_64-linux-gnu/libnsl-2.23.so
7f7b4e6a2000-7f7b4e8a1000 ---p 00016000 08:05 1705333                    /lib/x86_64-linux-gnu/libnsl-2.23.so
7f7b4e8a1000-7f7b4e8a2000 r--p 00015000 08:05 1705333                    /lib/x86_64-linux-gnu/libnsl-2.23.so
7f7b4e8a2000-7f7b4e8a3000 rw-p 00016000 08:05 1705333                    /lib/x86_64-linux-gnu/libnsl-2.23.so
7f7b4e8a3000-7f7b4e8a5000 rw-p 00000000 00:00 0 
7f7b4e8a5000-7f7b4e8ad000 r-xp 00000000 08:05 1701909                    /lib/x86_64-linux-gnu/libnss_compat-2.23.so
7f7b4e8ad000-7f7b4eaac000 ---p 00008000 08:05 1701909                    /lib/x86_64-linux-gnu/libnss_compat-2.23.so
7f7b4eaac000-7f7b4eaad000 r--p 00007000 08:05 1701909                    /lib/x86_64-linux-gnu/libnss_compat-2.23.so
7f7b4eaad000-7f7b4eaae000 rw-p 00008000 08:05 1701909                    /lib/x86_64-linux-gnu/libnss_compat-2.23.so
7f7b4eaae000-7f7b4eadb000 r-xp 00000000 08:05 669421                     /usr/lib/jvm/java-8-openjdk-amd64/jre/lib/amd64/libjava.so
7f7b4eadb000-7f7b4ecda000 ---p 0002d000 08:05 669421                     /usr/lib/jvm/java-8-openjdk-amd64/jre/lib/amd64/libjava.so
7f7b4ecda000-7f7b4ecdb000 r--p 0002c000 08:05 669421                     /usr/lib/jvm/java-8-openjdk-amd64/jre/lib/amd64/libjava.so
7f7b4ecdb000-7f7b4ecdd000 rw-p 0002d000 08:05 669421                     /usr/lib/jvm/java-8-openjdk-amd64/jre/lib/amd64/libjava.so
7f7b4ecdd000-7f7b4ecec000 r-xp 00000000 08:05 669436                     /usr/lib/jvm/java-8-openjdk-amd64/jre/lib/amd64/libverify.so
7f7b4ecec000-7f7b4eeeb000 ---p 0000f000 08:05 669436                     /usr/lib/jvm/java-8-openjdk-amd64/jre/lib/amd64/libverify.so
7f7b4eeeb000-7f7b4eeed000 r--p 0000e000 08:05 669436                     /usr/lib/jvm/java-8-openjdk-amd64/jre/lib/amd64/libverify.so
7f7b4eeed000-7f7b4eeee000 rw-p 00010000 08:05 669436                     /usr/lib/jvm/java-8-openjdk-amd64/jre/lib/amd64/libverify.so
7f7b4eeee000-7f7b4eef5000 r-xp 00000000 08:05 1705371                    /lib/x86_64-linux-gnu/librt-2.23.so
7f7b4eef5000-7f7b4f0f4000 ---p 00007000 08:05 1705371                    /lib/x86_64-linux-gnu/librt-2.23.so
7f7b4f0f4000-7f7b4f0f5000 r--p 00006000 08:05 1705371                    /lib/x86_64-linux-gnu/librt-2.23.so
7f7b4f0f5000-7f7b4f0f6000 rw-p 00007000 08:05 1705371                    /lib/x86_64-linux-gnu/librt-2.23.so
7f7b4f0f6000-7f7b4f10c000 r-xp 00000000 08:05 1705747                    /lib/x86_64-linux-gnu/libgcc_s.so.1
7f7b4f10c000-7f7b4f30b000 ---p 00016000 08:05 1705747                    /lib/x86_64-linux-gnu/libgcc_s.so.1
7f7b4f30b000-7f7b4f30c000 rw-p 00015000 08:05 1705747                    /lib/x86_64-linux-gnu/libgcc_s.so.1
7f7b4f30c000-7f7b4f414000 r-xp 00000000 08:05 1705367                    /lib/x86_64-linux-gnu/libm-2.23.so
7f7b4f414000-7f7b4f613000 ---p 00108000 08:05 1705367                    /lib/x86_64-linux-gnu/libm-2.23.so
7f7b4f613000-7f7b4f614000 r--p 00107000 08:05 1705367                    /lib/x86_64-linux-gnu/libm-2.23.so
7f7b4f614000-7f7b4f615000 rw-p 00108000 08:05 1705367                    /lib/x86_64-linux-gnu/libm-2.23.so
7f7b4f615000-7f7b4f787000 r-xp 00000000 08:05 654484                     /usr/lib/x86_64-linux-gnu/libstdc++.so.6.0.21
7f7b4f787000-7f7b4f987000 ---p 00172000 08:05 654484                     /usr/lib/x86_64-linux-gnu/libstdc++.so.6.0.21
7f7b4f987000-7f7b4f991000 r--p 00172000 08:05 654484                     /usr/lib/x86_64-linux-gnu/libstdc++.so.6.0.21
7f7b4f991000-7f7b4f993000 rw-p 0017c000 08:05 654484                     /usr/lib/x86_64-linux-gnu/libstdc++.so.6.0.21
7f7b4f993000-7f7b4f997000 rw-p 00000000 00:00 0 
7f7b4f997000-7f7b505e9000 r-xp 00000000 08:05 669432                     /usr/lib/jvm/java-8-openjdk-amd64/jre/lib/amd64/server/libjvm.so
7f7b505e9000-7f7b507e9000 ---p 00c52000 08:05 669432                     /usr/lib/jvm/java-8-openjdk-amd64/jre/lib/amd64/server/libjvm.so
7f7b507e9000-7f7b5087c000 r--p 00c52000 08:05 669432                     /usr/lib/jvm/java-8-openjdk-amd64/jre/lib/amd64/server/libjvm.so
7f7b5087c000-7f7b508a5000 rw-p 00ce5000 08:05 669432                     /usr/lib/jvm/java-8-openjdk-amd64/jre/lib/amd64/server/libjvm.so
7f7b508a5000-7f7b508d5000 rw-p 00000000 00:00 0 
7f7b508d5000-7f7b508ed000 r-xp 00000000 08:05 1705376                    /lib/x86_64-linux-gnu/libpthread-2.23.so
7f7b508ed000-7f7b50aec000 ---p 00018000 08:05 1705376                    /lib/x86_64-linux-gnu/libpthread-2.23.so
7f7b50aec000-7f7b50aed000 r--p 00017000 08:05 1705376                    /lib/x86_64-linux-gnu/libpthread-2.23.so
7f7b50aed000-7f7b50aee000 rw-p 00018000 08:05 1705376                    /lib/x86_64-linux-gnu/libpthread-2.23.so
7f7b50aee000-7f7b50af2000 rw-p 00000000 00:00 0 
7f7b50af2000-7f7b50af5000 r-xp 00000000 08:05 1705379                    /lib/x86_64-linux-gnu/libdl-2.23.so
7f7b50af5000-7f7b50cf4000 ---p 00003000 08:05 1705379                    /lib/x86_64-linux-gnu/libdl-2.23.so
7f7b50cf4000-7f7b50cf5000 r--p 00002000 08:05 1705379                    /lib/x86_64-linux-gnu/libdl-2.23.so
7f7b50cf5000-7f7b50cf6000 rw-p 00003000 08:05 1705379                    /lib/x86_64-linux-gnu/libdl-2.23.so
7f7b50cf6000-7f7b50d0f000 r-xp 00000000 08:05 1705900                    /lib/x86_64-linux-gnu/libz.so.1.2.8
7f7b50d0f000-7f7b50f0e000 ---p 00019000 08:05 1705900                    /lib/x86_64-linux-gnu/libz.so.1.2.8
7f7b50f0e000-7f7b50f0f000 r--p 00018000 08:05 1705900                    /lib/x86_64-linux-gnu/libz.so.1.2.8
7f7b50f0f000-7f7b50f10000 rw-p 00019000 08:05 1705900                    /lib/x86_64-linux-gnu/libz.so.1.2.8
7f7b50f10000-7f7b510cf000 r-xp 00000000 08:05 1705377                    /lib/x86_64-linux-gnu/libc-2.23.so
7f7b510cf000-7f7b512cf000 ---p 001bf000 08:05 1705377                    /lib/x86_64-linux-gnu/libc-2.23.so
7f7b512cf000-7f7b512d3000 r--p 001bf000 08:05 1705377                    /lib/x86_64-linux-gnu/libc-2.23.so
7f7b512d3000-7f7b512d5000 rw-p 001c3000 08:05 1705377                    /lib/x86_64-linux-gnu/libc-2.23.so
7f7b512d5000-7f7b512d9000 rw-p 00000000 00:00 0 
7f7b512d9000-7f7b512e6000 r-xp 00000000 08:05 795280                     /usr/lib/jvm/java-8-openjdk-amd64/jre/lib/amd64/jli/libjli.so
7f7b512e6000-7f7b514e6000 ---p 0000d000 08:05 795280                     /usr/lib/jvm/java-8-openjdk-amd64/jre/lib/amd64/jli/libjli.so
7f7b514e6000-7f7b514e7000 r--p 0000d000 08:05 795280                     /usr/lib/jvm/java-8-openjdk-amd64/jre/lib/amd64/jli/libjli.so
7f7b514e7000-7f7b514e8000 rw-p 0000e000 08:05 795280                     /usr/lib/jvm/java-8-openjdk-amd64/jre/lib/amd64/jli/libjli.so
7f7b514e8000-7f7b5150e000 r-xp 00000000 08:05 1705372                    /lib/x86_64-linux-gnu/ld-2.23.so
7f7b51510000-7f7b51511000 r--p 00000000 00:00 0 
7f7b51511000-7f7b51514000 r--s 0000f000 08:05 668761                     /usr/lib/jvm/java-8-openjdk-amd64/jre/lib/ext/icedtea-sound.jar
7f7b51514000-7f7b5152f000 r--s 00394000 08:05 668762                     /usr/lib/jvm/java-8-openjdk-amd64/jre/lib/ext/cldrdata.jar
7f7b5152f000-7f7b515eb000 rw-p 00000000 00:00 0 
7f7b515eb000-7f7b515ee000 ---p 00000000 00:00 0 
7f7b515ee000-7f7b516f1000 rw-p 00000000 00:00 0 
7f7b516f1000-7f7b516f3000 r--s 00001000 08:05 669402                     /usr/lib/jvm/java-8-openjdk-amd64/jre/lib/ext/dnsns.jar
7f7b516f3000-7f7b516f9000 r--s 0003a000 08:05 668765                     /usr/lib/jvm/java-8-openjdk-amd64/jre/lib/ext/sunjce_provider.jar
7f7b516f9000-7f7b516fa000 r--s 00010000 08:05 668763                     /usr/lib/jvm/java-8-openjdk-amd64/jre/lib/ext/zipfs.jar
7f7b516fa000-7f7b516fb000 r--s 0000a000 08:05 669401                     /usr/lib/jvm/java-8-openjdk-amd64/jre/lib/ext/jaccess.jar
7f7b516fb000-7f7b516ff000 r--s 00037000 08:05 668768                     /usr/lib/jvm/java-8-openjdk-amd64/jre/lib/ext/sunpkcs11.jar
7f7b516ff000-7f7b51701000 r--s 00008000 08:05 668766                     /usr/lib/jvm/java-8-openjdk-amd64/jre/lib/ext/sunec.jar
7f7b51701000-7f7b51709000 rw-s 00000000 08:05 523277                     /tmp/hsperfdata_person/1808
7f7b51709000-7f7b5170a000 rw-p 00000000 00:00 0 
7f7b5170a000-7f7b5170b000 ---p 00000000 00:00 0 
7f7b5170b000-7f7b5170d000 rw-p 00000000 00:00 0 
7f7b5170d000-7f7b5170e000 r--p 00025000 08:05 1705372                    /lib/x86_64-linux-gnu/ld-2.23.so
7f7b5170e000-7f7b5170f000 rw-p 00026000 08:05 1705372                    /lib/x86_64-linux-gnu/ld-2.23.so
7f7b5170f000-7f7b51710000 rw-p 00000000 00:00 0 
7ffd4a9ac000-7ffd4a9ce000 rw-p 00000000 00:00 0                          [stack]
7ffd4a9ed000-7ffd4a9ef000 r--p 00000000 00:00 0                          [vvar]
7ffd4a9ef000-7ffd4a9f1000 r-xp 00000000 00:00 0                          [vdso]
ffffffffff600000-ffffffffff601000 r-xp 00000000 00:00 0                  [vsyscall]

VM Arguments:
jvm_args: -XX:+HeapDumpOnOutOfMemoryError -XX:HeapDumpPath=/home/person/.cache/bazel/_bazel_person/eb04c465f83b7ce60620fdacbccec2f3 -Xverify:none -Djava.util.logging.config.file=/home/person/.cache/bazel/_bazel_person/eb04c465f83b7ce60620fdacbccec2f3/javalog.properties -Djava.library.path=/home/person/.cache/bazel/_bazel_person/install/ca748b308b88c2f3aa15adaa51404d04/_embedded_binaries/ -Dfile.encoding=ISO-8859-1 
java_command: /home/person/.cache/bazel/_bazel_person/install/ca748b308b88c2f3aa15adaa51404d04/_embedded_binaries/A-server.jar --max_idle_secs=10800 --connect_timeout_secs=30 --install_base=/home/person/.cache/bazel/_bazel_person/install/ca748b308b88c2f3aa15adaa51404d04 --install_md5=ca748b308b88c2f3aa15adaa51404d04 --output_base=/home/person/.cache/bazel/_bazel_person/eb04c465f83b7ce60620fdacbccec2f3 --workspace_directory=/home/person/2018-inseason --deep_execroot --noexpand_configs_in_place --experimental_oom_more_eagerly_threshold=100 --nofatal_event_bus_exceptions --client_debug=false --product_name=Bazel --option_sources=
java_class_path (initial): /home/person/.cache/bazel/_bazel_person/install/ca748b308b88c2f3aa15adaa51404d04/_embedded_binaries/A-server.jar
Launcher Type: SUN_STANDARD

Environment Variables:
PATH=/usr/local/sbin:/usr/local/bin:/usr/sbin:/usr/bin:/sbin:/bin:/usr/games:/usr/local/games:/snap/bin
SHELL=/bin/bash
DISPLAY=:0

Signal Handlers:
SIGSEGV: [libjvm.so+0xa69040], sa_mask[0]=11111111011111111101111111111110, sa_flags=SA_RESTART|SA_SIGINFO
SIGBUS: [libjvm.so+0xa69040], sa_mask[0]=11111111011111111101111111111110, sa_flags=SA_RESTART|SA_SIGINFO
SIGFPE: [libjvm.so+0x8b2170], sa_mask[0]=11111111011111111101111111111110, sa_flags=SA_RESTART|SA_SIGINFO
SIGPIPE: [libjvm.so+0x8b2170], sa_mask[0]=11111111011111111101111111111110, sa_flags=SA_RESTART|SA_SIGINFO
SIGXFSZ: [libjvm.so+0x8b2170], sa_mask[0]=11111111011111111101111111111110, sa_flags=SA_RESTART|SA_SIGINFO
SIGILL: [libjvm.so+0x8b2170], sa_mask[0]=11111111011111111101111111111110, sa_flags=SA_RESTART|SA_SIGINFO
SIGUSR1: SIG_DFL, sa_mask[0]=00000000000000000000000000000000, sa_flags=none
SIGUSR2: [libjvm.so+0x8b2020], sa_mask[0]=00000000000000000000000000000000, sa_flags=SA_RESTART|SA_SIGINFO
SIGHUP: SIG_IGN, sa_mask[0]=00000000000000000000000000000000, sa_flags=none
SIGINT: [libjvm.so+0x8b24f0], sa_mask[0]=11111111011111111101111111111110, sa_flags=SA_RESTART|SA_SIGINFO
SIGTERM: [libjvm.so+0x8b24f0], sa_mask[0]=11111111011111111101111111111110, sa_flags=SA_RESTART|SA_SIGINFO
SIGQUIT: [libjvm.so+0x8b24f0], sa_mask[0]=11111111011111111101111111111110, sa_flags=SA_RESTART|SA_SIGINFO


---------------  S Y S T E M  ---------------

OS:DISTRIB_ID=Ubuntu
DISTRIB_RELEASE=16.04
DISTRIB_CODENAME=xenial
DISTRIB_DESCRIPTION="Ubuntu 16.04.1 LTS"

uname:Linux 4.4.0-47-generic #68-Ubuntu SMP Wed Oct 26 19:39:52 UTC 2016 x86_64
libc:glibc 2.23 NPTL 2.23 
rlimit: STACK 8192k, CORE 0k, NPROC 15176, NOFILE 65536, AS infinity
load average:0.94 0.61 0.37

/proc/meminfo:
MemTotal:        3925468 kB
MemFree:         1194324 kB
MemAvailable:    1952540 kB
Buffers:           67468 kB
Cached:          1171712 kB
SwapCached:            0 kB
Active:          1766492 kB
Inactive:         782564 kB
Active(anon):    1311536 kB
Inactive(anon):   304616 kB
Active(file):     454956 kB
Inactive(file):   477948 kB
Unevictable:          16 kB
Mlocked:              16 kB
SwapTotal:       4072444 kB
SwapFree:        4072444 kB
Dirty:              6116 kB
Writeback:             0 kB
AnonPages:       1311936 kB
Mapped:           364768 kB
Shmem:            306280 kB
Slab:              94260 kB
SReclaimable:      59872 kB
SUnreclaim:        34388 kB
KernelStack:        9296 kB
PageTables:        33828 kB
NFS_Unstable:          0 kB
Bounce:                0 kB
WritebackTmp:          0 kB
CommitLimit:     6035176 kB
Committed_AS:    5633748 kB
VmallocTotal:   34359738367 kB
VmallocUsed:           0 kB
VmallocChunk:          0 kB
HardwareCorrupted:     0 kB
AnonHugePages:    624640 kB
CmaTotal:              0 kB
CmaFree:               0 kB
HugePages_Total:       0
HugePages_Free:        0
HugePages_Rsvd:        0
HugePages_Surp:        0
Hugepagesize:       2048 kB
DirectMap4k:      105424 kB
DirectMap2M:     3969024 kB


CPU:total 4 (initial active 4) (2 cores per cpu, 2 threads per core) family 6 model 42 stepping 7, cmov, cx8, fxsr, mmx, sse, sse2, sse3, ssse3, sse4.1, sse4.2, popcnt, avx, clmul, ht, tsc, tscinvbit

/proc/cpuinfo:
processor	: 0
vendor_id	: GenuineIntel
cpu family	: 6
model		: 42
model name	: Intel(R) Core(TM) i3-2370M CPU @ 2.40GHz
stepping	: 7
microcode	: 0x29
cpu MHz		: 999.281
cache size	: 3072 KB
physical id	: 0
siblings	: 4
core id		: 0
cpu cores	: 2
apicid		: 0
initial apicid	: 0
fpu		: yes
fpu_exception	: yes
cpuid level	: 13
wp		: yes
flags		: fpu vme de pse tsc msr pae mce cx8 apic sep mtrr pge mca cmov pat pse36 clflush dts acpi mmx fxsr sse sse2 ss ht tm pbe syscall nx rdtscp lm constant_tsc arch_perfmon pebs bts rep_good nopl xtopology nonstop_tsc aperfmperf eagerfpu pni pclmulqdq dtes64 monitor ds_cpl vmx est tm2 ssse3 cx16 xtpr pdcm pcid sse4_1 sse4_2 x2apic popcnt tsc_deadline_timer xsave avx lahf_lm epb tpr_shadow vnmi flexpriority ept vpid xsaveopt dtherm arat pln pts
bugs		:
bogomips	: 4789.07
clflush size	: 64
cache_alignment	: 64
address sizes	: 36 bits physical, 48 bits virtual
power management:

processor	: 1
vendor_id	: GenuineIntel
cpu family	: 6
model		: 42
model name	: Intel(R) Core(TM) i3-2370M CPU @ 2.40GHz
stepping	: 7
microcode	: 0x29
cpu MHz		: 899.437
cache size	: 3072 KB
physical id	: 0
siblings	: 4
core id		: 0
cpu cores	: 2
apicid		: 1
initial apicid	: 1
fpu		: yes
fpu_exception	: yes
cpuid level	: 13
wp		: yes
flags		: fpu vme de pse tsc msr pae mce cx8 apic sep mtrr pge mca cmov pat pse36 clflush dts acpi mmx fxsr sse sse2 ss ht tm pbe syscall nx rdtscp lm constant_tsc arch_perfmon pebs bts rep_good nopl xtopology nonstop_tsc aperfmperf eagerfpu pni pclmulqdq dtes64 monitor ds_cpl vmx est tm2 ssse3 cx16 xtpr pdcm pcid sse4_1 sse4_2 x2apic popcnt tsc_deadline_timer xsave avx lahf_lm epb tpr_shadow vnmi flexpriority ept vpid xsaveopt dtherm arat pln pts
bugs		:
bogomips	: 4789.07
clflush size	: 64
cache_alignment	: 64
address sizes	: 36 bits physical, 48 bits virtual
power management:

processor	: 2
vendor_id	: GenuineIntel
cpu family	: 6
model		: 42
model name	: Intel(R) Core(TM) i3-2370M CPU @ 2.40GHz
stepping	: 7
microcode	: 0x29
cpu MHz		: 1099.218
cache size	: 3072 KB
physical id	: 0
siblings	: 4
core id		: 1
cpu cores	: 2
apicid		: 2
initial apicid	: 2
fpu		: yes
fpu_exception	: yes
cpuid level	: 13
wp		: yes
flags		: fpu vme de pse tsc msr pae mce cx8 apic sep mtrr pge mca cmov pat pse36 clflush dts acpi mmx fxsr sse sse2 ss ht tm pbe syscall nx rdtscp lm constant_tsc arch_perfmon pebs bts rep_good nopl xtopology nonstop_tsc aperfmperf eagerfpu pni pclmulqdq dtes64 monitor ds_cpl vmx est tm2 ssse3 cx16 xtpr pdcm pcid sse4_1 sse4_2 x2apic popcnt tsc_deadline_timer xsave avx lahf_lm epb tpr_shadow vnmi flexpriority ept vpid xsaveopt dtherm arat pln pts
bugs		:
bogomips	: 4789.07
clflush size	: 64
cache_alignment	: 64
address sizes	: 36 bits physical, 48 bits virtual
power management:

processor	: 3
vendor_id	: GenuineIntel
cpu family	: 6
model		: 42
model name	: Intel(R) Core(TM) i3-2370M CPU @ 2.40GHz
stepping	: 7
microcode	: 0x29
cpu MHz		: 1099.125
cache size	: 3072 KB
physical id	: 0
siblings	: 4
core id		: 1
cpu cores	: 2
apicid		: 3
initial apicid	: 3
fpu		: yes
fpu_exception	: yes
cpuid level	: 13
wp		: yes
flags		: fpu vme de pse tsc msr pae mce cx8 apic sep mtrr pge mca cmov pat pse36 clflush dts acpi mmx fxsr sse sse2 ss ht tm pbe syscall nx rdtscp lm constant_tsc arch_perfmon pebs bts rep_good nopl xtopology nonstop_tsc aperfmperf eagerfpu pni pclmulqdq dtes64 monitor ds_cpl vmx est tm2 ssse3 cx16 xtpr pdcm pcid sse4_1 sse4_2 x2apic popcnt tsc_deadline_timer xsave avx lahf_lm epb tpr_shadow vnmi flexpriority ept vpid xsaveopt dtherm arat pln pts
bugs		:
bogomips	: 4789.07
clflush size	: 64
cache_alignment	: 64
address sizes	: 36 bits physical, 48 bits virtual
power management:



Memory: 4k page, physical 3925468k(1194324k free), swap 4072444k(4072444k free)

vm_info: OpenJDK 64-Bit Server VM (25.151-b12) for linux-amd64 JRE (1.8.0_151-8u151-b12-0ubuntu0.16.04.2-b12), built on Oct 27 2017 21:59:02 by "buildd" with gcc 5.4.0 20160609

time: Tue Feb 20 20:06:35 2018
elapsed time: 1290 seconds (0d 0h 21m 30s)

